<?xml version="1.0" encoding="utf-8"?><testsuites><testsuite name="pytest" errors="0" failures="0" skipped="0" tests="3" time="35.328" timestamp="2021-04-29T16:49:53.112164" hostname="DESKTOP-F2GH32K"><testcase classname="test_dir.test_01_login.TestLogin" name="test_login" time="12.683" /><testcase classname="test_dir.test_02_addCustormer.TestAddCustorner" name="test_openBasic" time="5.768" /><testcase classname="test_dir.test_02_addCustormer.TestAddCustorner" name="test_addCustormer" time="16.775" /></testsuite></testsuites>